# JRE version: OpenJDK Runtime Environment (7.0_95) (build 1.7.0_95-b00)
# Java VM: OpenJDK 64-Bit Server VM (24.95-b01 mixed mode linux-amd64 compressed oops)
Heap
 PSYoungGen      total 396288K, used 9082K [0x00000007d8800000, 0x00000007f1880000, 0x0000000800000000)
  eden space 382976K, 0% used [0x00000007d8800000,0x00000007d8800000,0x00000007efe00000)
  from space 13312K, 68% used [0x00000007efe00000,0x00000007f06deb30,0x00000007f0b00000)
  to   space 12800K, 0% used [0x00000007f0b00000,0x00000007f0b00000,0x00000007f1780000)
 ParOldGen       total 80896K, used 24143K [0x0000000789800000, 0x000000078e700000, 0x00000007d8800000)
  object space 80896K, 29% used [0x0000000789800000,0x000000078af93ec0,0x000000078e700000)
 PSPermGen       total 21504K, used 13283K [0x000000077f200000, 0x0000000780700000, 0x0000000789800000)
  object space 21504K, 61% used [0x000000077f200000,0x000000077fef8d40,0x0000000780700000)
GC Heap History (10 events):
Event: 3.056 GC heap after
Heap after GC invocations=6 (full 0):
 PSYoungGen      total 127488K, used 7658K [0x00000007d8800000, 0x00000007e1b00000, 0x0000000800000000)
  eden space 119808K, 0% used [0x00000007d8800000,0x00000007d8800000,0x00000007dfd00000)
  from space 7680K, 99% used [0x00000007e0980000,0x00000007e10fa988,0x00000007e1100000)
  to   space 12800K, 0% used [0x00000007dfd00000,0x00000007dfd00000,0x00000007e0980000)
 ParOldGen       total 80896K, used 10869K [0x0000000789800000, 0x000000078e700000, 0x00000007d8800000)
  object space 80896K, 13% used [0x0000000789800000,0x000000078a29d640,0x000000078e700000)
 PSPermGen       total 21504K, used 11422K [0x000000077f200000, 0x0000000780700000, 0x0000000789800000)
  object space 21504K, 53% used [0x000000077f200000,0x000000077fd27960,0x0000000780700000)
}
Event: 4.202 GC heap before
{Heap before GC invocations=7 (full 0):
 PSYoungGen      total 127488K, used 127466K [0x00000007d8800000, 0x00000007e1b00000, 0x0000000800000000)
  eden space 119808K, 100% used [0x00000007d8800000,0x00000007dfd00000,0x00000007dfd00000)
  from space 7680K, 99% used [0x00000007e0980000,0x00000007e10fa988,0x00000007e1100000)
  to   space 12800K, 0% used [0x00000007dfd00000,0x00000007dfd00000,0x00000007e0980000)
 ParOldGen       total 80896K, used 10869K [0x0000000789800000, 0x000000078e700000, 0x00000007d8800000)
  object space 80896K, 13% used [0x0000000789800000,0x000000078a29d640,0x000000078e700000)
 PSPermGen       total 21504K, used 11986K [0x000000077f200000, 0x0000000780700000, 0x0000000789800000)
  object space 21504K, 55% used [0x000000077f200000,0x000000077fdb4a20,0x0000000780700000)
Event: 4.232 GC heap after
Heap after GC invocations=7 (full 0):
 PSYoungGen      total 132608K, used 10842K [0x00000007d8800000, 0x00000007e8d00000, 0x0000000800000000)
  eden space 119808K, 0% used [0x00000007d8800000,0x00000007d8800000,0x00000007dfd00000)
  from space 12800K, 84% used [0x00000007dfd00000,0x00000007e0796818,0x00000007e0980000)
  to   space 13824K, 0% used [0x00000007e7f80000,0x00000007e7f80000,0x00000007e8d00000)
 ParOldGen       total 80896K, used 13221K [0x0000000789800000, 0x000000078e700000, 0x00000007d8800000)
  object space 80896K, 16% used [0x0000000789800000,0x000000078a4e96b0,0x000000078e700000)
 PSPermGen       total 21504K, used 11986K [0x000000077f200000, 0x0000000780700000, 0x0000000789800000)
  object space 21504K, 55% used [0x000000077f200000,0x000000077fdb4a20,0x0000000780700000)
}
Event: 58.304 GC heap before
{Heap before GC invocations=8 (full 0):
 PSYoungGen      total 132608K, used 130650K [0x00000007d8800000, 0x00000007e8d00000, 0x0000000800000000)
  eden space 119808K, 100% used [0x00000007d8800000,0x00000007dfd00000,0x00000007dfd00000)
  from space 12800K, 84% used [0x00000007dfd00000,0x00000007e0796818,0x00000007e0980000)
  to   space 13824K, 0% used [0x00000007e7f80000,0x00000007e7f80000,0x00000007e8d00000)
 ParOldGen       total 80896K, used 13221K [0x0000000789800000, 0x000000078e700000, 0x00000007d8800000)
  object space 80896K, 16% used [0x0000000789800000,0x000000078a4e96b0,0x000000078e700000)
 PSPermGen       total 21504K, used 12474K [0x000000077f200000, 0x0000000780700000, 0x0000000789800000)
  object space 21504K, 58% used [0x000000077f200000,0x000000077fe2eae8,0x0000000780700000)
Event: 58.526 GC heap after
Heap after GC invocations=8 (full 0):
 PSYoungGen      total 252416K, used 7959K [0x00000007d8800000, 0x00000007e8c00000, 0x0000000800000000)
  eden space 239616K, 0% used [0x00000007d8800000,0x00000007d8800000,0x00000007e7200000)
  from space 12800K, 62% used [0x00000007e7f80000,0x00000007e8745d48,0x00000007e8c00000)
  to   space 13312K, 0% used [0x00000007e7200000,0x00000007e7200000,0x00000007e7f00000)
 ParOldGen       total 80896K, used 15362K [0x0000000789800000, 0x000000078e700000, 0x00000007d8800000)
  object space 80896K, 18% used [0x0000000789800000,0x000000078a700928,0x000000078e700000)
 PSPermGen       total 21504K, used 12474K [0x000000077f200000, 0x0000000780700000, 0x0000000789800000)
  object space 21504K, 58% used [0x000000077f200000,0x000000077fe2eae8,0x0000000780700000)
}
Event: 75.214 GC heap before
{Heap before GC invocations=9 (full 0):
 PSYoungGen      total 252416K, used 247575K [0x00000007d8800000, 0x00000007e8c00000, 0x0000000800000000)
  eden space 239616K, 100% used [0x00000007d8800000,0x00000007e7200000,0x00000007e7200000)
  from space 12800K, 62% used [0x00000007e7f80000,0x00000007e8745d48,0x00000007e8c00000)
  to   space 13312K, 0% used [0x00000007e7200000,0x00000007e7200000,0x00000007e7f00000)
 ParOldGen       total 80896K, used 15362K [0x0000000789800000, 0x000000078e700000, 0x00000007d8800000)
  object space 80896K, 18% used [0x0000000789800000,0x000000078a700928,0x000000078e700000)
 PSPermGen       total 21504K, used 12852K [0x000000077f200000, 0x0000000780700000, 0x0000000789800000)
  object space 21504K, 59% used [0x000000077f200000,0x000000077fe8d2c8,0x0000000780700000)
Event: 75.248 GC heap after
Heap after GC invocations=9 (full 0):
 PSYoungGen      total 252928K, used 7881K [0x00000007d8800000, 0x00000007f1780000, 0x0000000800000000)
  eden space 239616K, 0% used [0x00000007d8800000,0x00000007d8800000,0x00000007e7200000)
  from space 13312K, 59% used [0x00000007e7200000,0x00000007e79b2478,0x00000007e7f00000)
  to   space 12800K, 0% used [0x00000007f0b00000,0x00000007f0b00000,0x00000007f1780000)
 ParOldGen       total 80896K, used 18429K [0x0000000789800000, 0x000000078e700000, 0x00000007d8800000)
  object space 80896K, 22% used [0x0000000789800000,0x000000078a9ff428,0x000000078e700000)
 PSPermGen       total 21504K, used 12852K [0x000000077f200000, 0x0000000780700000, 0x0000000789800000)
  object space 21504K, 59% used [0x000000077f200000,0x000000077fe8d2c8,0x0000000780700000)
}
Event: 75.674 GC heap before
{Heap before GC invocations=10 (full 0):
 PSYoungGen      total 252928K, used 247497K [0x00000007d8800000, 0x00000007f1780000, 0x0000000800000000)
  eden space 239616K, 100% used [0x00000007d8800000,0x00000007e7200000,0x00000007e7200000)
  from space 13312K, 59% used [0x00000007e7200000,0x00000007e79b2478,0x00000007e7f00000)
  to   space 12800K, 0% used [0x00000007f0b00000,0x00000007f0b00000,0x00000007f1780000)
 ParOldGen       total 80896K, used 18429K [0x0000000789800000, 0x000000078e700000, 0x00000007d8800000)
  object space 80896K, 22% used [0x0000000789800000,0x000000078a9ff428,0x000000078e700000)
 PSPermGen       total 21504K, used 12863K [0x000000077f200000, 0x0000000780700000, 0x0000000789800000)
  object space 21504K, 59% used [0x000000077f200000,0x000000077fe8fe70,0x0000000780700000)
Event: 75.688 GC heap after
Heap after GC invocations=10 (full 0):
 PSYoungGen      total 395776K, used 1872K [0x00000007d8800000, 0x00000007f1880000, 0x0000000800000000)
  eden space 382976K, 0% used [0x00000007d8800000,0x00000007d8800000,0x00000007efe00000)
  from space 12800K, 14% used [0x00000007f0b00000,0x00000007f0cd4030,0x00000007f1780000)
  to   space 13312K, 0% used [0x00000007efe00000,0x00000007efe00000,0x00000007f0b00000)
 ParOldGen       total 80896K, used 22931K [0x0000000789800000, 0x000000078e700000, 0x00000007d8800000)
  object space 80896K, 28% used [0x0000000789800000,0x000000078ae64e80,0x000000078e700000)
 PSPermGen       total 21504K, used 12863K [0x000000077f200000, 0x0000000780700000, 0x0000000789800000)
  object space 21504K, 59% used [0x000000077f200000,0x000000077fe8fe70,0x0000000780700000)
}
Event: 78.121 GC heap before
{Heap before GC invocations=11 (full 0):
 PSYoungGen      total 395776K, used 384848K [0x00000007d8800000, 0x00000007f1880000, 0x0000000800000000)
  eden space 382976K, 100% used [0x00000007d8800000,0x00000007efe00000,0x00000007efe00000)
  from space 12800K, 14% used [0x00000007f0b00000,0x00000007f0cd4030,0x00000007f1780000)
  to   space 13312K, 0% used [0x00000007efe00000,0x00000007efe00000,0x00000007f0b00000)
 ParOldGen       total 80896K, used 22931K [0x0000000789800000, 0x000000078e700000, 0x00000007d8800000)
  object space 80896K, 28% used [0x0000000789800000,0x000000078ae64e80,0x000000078e700000)
 PSPermGen       total 21504K, used 13283K [0x000000077f200000, 0x0000000780700000, 0x0000000789800000)
  object space 21504K, 61% used [0x000000077f200000,0x000000077fef8d40,0x0000000780700000)

