# JRE version: OpenJDK Runtime Environment (8.0_91-b14) (build 1.8.0_91-8u91-b14-0ubuntu4~16.04.1-b14)
# Java VM: OpenJDK 64-Bit Server VM (25.91-b14 mixed mode linux-amd64 compressed oops)
Heap:
 PSYoungGen      total 128000K, used 5096K [0x00000000d8800000, 0x00000000e0a00000, 0x0000000100000000)
  eden space 122880K, 0% used [0x00000000d8800000,0x00000000d8800000,0x00000000e0000000)
  from space 5120K, 99% used [0x00000000e0000000,0x00000000e04fa030,0x00000000e0500000)
  to   space 5120K, 0% used [0x00000000e0500000,0x00000000e0500000,0x00000000e0a00000)
 ParOldGen       total 81920K, used 23690K [0x0000000089800000, 0x000000008e800000, 0x00000000d8800000)
  object space 81920K, 28% used [0x0000000089800000,0x000000008af22b18,0x000000008e800000)
 Metaspace       used 14323K, capacity 14716K, committed 14848K, reserved 1062912K
  class space    used 1596K, capacity 1706K, committed 1792K, reserved 1048576K
GC Heap History (9 events):
Event: 0.912 GC heap before
{Heap before GC invocations=1 (full 0):
 PSYoungGen      total 35840K, used 30720K [0x00000000d8800000, 0x00000000db000000, 0x0000000100000000)
  eden space 30720K, 100% used [0x00000000d8800000,0x00000000da600000,0x00000000da600000)
  from space 5120K, 0% used [0x00000000dab00000,0x00000000dab00000,0x00000000db000000)
  to   space 5120K, 0% used [0x00000000da600000,0x00000000da600000,0x00000000dab00000)
 ParOldGen       total 81920K, used 0K [0x0000000089800000, 0x000000008e800000, 0x00000000d8800000)
  object space 81920K, 0% used [0x0000000089800000,0x0000000089800000,0x000000008e800000)
 Metaspace       used 7337K, capacity 7572K, committed 7808K, reserved 1056768K
  class space    used 760K, capacity 820K, committed 896K, reserved 1048576K
Event: 0.924 GC heap after
Heap after GC invocations=1 (full 0):
 PSYoungGen      total 35840K, used 5102K [0x00000000d8800000, 0x00000000dce00000, 0x0000000100000000)
  eden space 30720K, 0% used [0x00000000d8800000,0x00000000d8800000,0x00000000da600000)
  from space 5120K, 99% used [0x00000000da600000,0x00000000daafba50,0x00000000dab00000)
  to   space 5120K, 0% used [0x00000000dc900000,0x00000000dc900000,0x00000000dce00000)
 ParOldGen       total 81920K, used 912K [0x0000000089800000, 0x000000008e800000, 0x00000000d8800000)
  object space 81920K, 1% used [0x0000000089800000,0x00000000898e41c0,0x000000008e800000)
 Metaspace       used 7337K, capacity 7572K, committed 7808K, reserved 1056768K
  class space    used 760K, capacity 820K, committed 896K, reserved 1048576K
}
Event: 1.034 GC heap before
{Heap before GC invocations=2 (full 0):
 PSYoungGen      total 35840K, used 35822K [0x00000000d8800000, 0x00000000dce00000, 0x0000000100000000)
  eden space 30720K, 100% used [0x00000000d8800000,0x00000000da600000,0x00000000da600000)
  from space 5120K, 99% used [0x00000000da600000,0x00000000daafba50,0x00000000dab00000)
  to   space 5120K, 0% used [0x00000000dc900000,0x00000000dc900000,0x00000000dce00000)
 ParOldGen       total 81920K, used 912K [0x0000000089800000, 0x000000008e800000, 0x00000000d8800000)
  object space 81920K, 1% used [0x0000000089800000,0x00000000898e41c0,0x000000008e800000)
 Metaspace       used 7366K, capacity 7636K, committed 7808K, reserved 1056768K
  class space    used 760K, capacity 820K, committed 896K, reserved 1048576K
Event: 1.040 GC heap after
Heap after GC invocations=2 (full 0):
 PSYoungGen      total 66560K, used 4664K [0x00000000d8800000, 0x00000000dce00000, 0x0000000100000000)
  eden space 61440K, 0% used [0x00000000d8800000,0x00000000d8800000,0x00000000dc400000)
  from space 5120K, 91% used [0x00000000dc900000,0x00000000dcd8e050,0x00000000dce00000)
  to   space 5120K, 0% used [0x00000000dc400000,0x00000000dc400000,0x00000000dc900000)
 ParOldGen       total 81920K, used 984K [0x0000000089800000, 0x000000008e800000, 0x00000000d8800000)
  object space 81920K, 1% used [0x0000000089800000,0x00000000898f61d0,0x000000008e800000)
 Metaspace       used 7366K, capacity 7636K, committed 7808K, reserved 1056768K
  class space    used 760K, capacity 820K, committed 896K, reserved 1048576K
}
Event: 2.064 GC heap before
{Heap before GC invocations=3 (full 0):
 PSYoungGen      total 66560K, used 66104K [0x00000000d8800000, 0x00000000dce00000, 0x0000000100000000)
  eden space 61440K, 100% used [0x00000000d8800000,0x00000000dc400000,0x00000000dc400000)
  from space 5120K, 91% used [0x00000000dc900000,0x00000000dcd8e050,0x00000000dce00000)
  to   space 5120K, 0% used [0x00000000dc400000,0x00000000dc400000,0x00000000dc900000)
 ParOldGen       total 81920K, used 984K [0x0000000089800000, 0x000000008e800000, 0x00000000d8800000)
  object space 81920K, 1% used [0x0000000089800000,0x00000000898f61d0,0x000000008e800000)
 Metaspace       used 10960K, capacity 11188K, committed 11392K, reserved 1058816K
  class space    used 1234K, capacity 1300K, committed 1408K, reserved 1048576K
Event: 2.080 GC heap after
Heap after GC invocations=3 (full 0):
 PSYoungGen      total 66560K, used 5101K [0x00000000d8800000, 0x00000000e0a00000, 0x0000000100000000)
  eden space 61440K, 0% used [0x00000000d8800000,0x00000000d8800000,0x00000000dc400000)
  from space 5120K, 99% used [0x00000000dc400000,0x00000000dc8fb728,0x00000000dc900000)
  to   space 5120K, 0% used [0x00000000e0500000,0x00000000e0500000,0x00000000e0a00000)
 ParOldGen       total 81920K, used 2609K [0x0000000089800000, 0x000000008e800000, 0x00000000d8800000)
  object space 81920K, 3% used [0x0000000089800000,0x0000000089a8c788,0x000000008e800000)
 Metaspace       used 10960K, capacity 11188K, committed 11392K, reserved 1058816K
  class space    used 1234K, capacity 1300K, committed 1408K, reserved 1048576K
}
Event: 3.371 GC heap before
{Heap before GC invocations=4 (full 0):
 PSYoungGen      total 66560K, used 66541K [0x00000000d8800000, 0x00000000e0a00000, 0x0000000100000000)
  eden space 61440K, 100% used [0x00000000d8800000,0x00000000dc400000,0x00000000dc400000)
  from space 5120K, 99% used [0x00000000dc400000,0x00000000dc8fb728,0x00000000dc900000)
  to   space 5120K, 0% used [0x00000000e0500000,0x00000000e0500000,0x00000000e0a00000)
 ParOldGen       total 81920K, used 2609K [0x0000000089800000, 0x000000008e800000, 0x00000000d8800000)
  object space 81920K, 3% used [0x0000000089800000,0x0000000089a8c788,0x000000008e800000)
 Metaspace       used 12920K, capacity 13220K, committed 13312K, reserved 1060864K
  class space    used 1440K, capacity 1528K, committed 1536K, reserved 1048576K
Event: 3.402 GC heap after
Heap after GC invocations=4 (full 0):
 PSYoungGen      total 128000K, used 5102K [0x00000000d8800000, 0x00000000e0a00000, 0x0000000100000000)
  eden space 122880K, 0% used [0x00000000d8800000,0x00000000d8800000,0x00000000e0000000)
  from space 5120K, 99% used [0x00000000e0500000,0x00000000e09fb978,0x00000000e0a00000)
  to   space 5120K, 0% used [0x00000000e0000000,0x00000000e0000000,0x00000000e0500000)
 ParOldGen       total 81920K, used 17564K [0x0000000089800000, 0x000000008e800000, 0x00000000d8800000)
  object space 81920K, 21% used [0x0000000089800000,0x000000008a9272d8,0x000000008e800000)
 Metaspace       used 12920K, capacity 13220K, committed 13312K, reserved 1060864K
  class space    used 1440K, capacity 1528K, committed 1536K, reserved 1048576K
}
Event: 33.649 GC heap before
{Heap before GC invocations=5 (full 0):
 PSYoungGen      total 128000K, used 127982K [0x00000000d8800000, 0x00000000e0a00000, 0x0000000100000000)
  eden space 122880K, 100% used [0x00000000d8800000,0x00000000e0000000,0x00000000e0000000)
  from space 5120K, 99% used [0x00000000e0500000,0x00000000e09fb978,0x00000000e0a00000)
  to   space 5120K, 0% used [0x00000000e0000000,0x00000000e0000000,0x00000000e0500000)
 ParOldGen       total 81920K, used 17564K [0x0000000089800000, 0x000000008e800000, 0x00000000d8800000)
  object space 81920K, 21% used [0x0000000089800000,0x000000008a9272d8,0x000000008e800000)
 Metaspace       used 14323K, capacity 14716K, committed 14848K, reserved 1062912K
  class space    used 1596K, capacity 1706K, committed 1792K, reserved 1048576K

