# JRE version: OpenJDK Runtime Environment (8.0_91-b14) (build 1.8.0_91-8u91-b14-0ubuntu4~16.04.1-b14)
# Java VM: OpenJDK 64-Bit Server VM (25.91-b14 mixed mode linux-amd64 compressed oops)
Heap:
 PSYoungGen      total 128000K, used 5111K [0x00000000d8800000, 0x00000000e0a00000, 0x0000000100000000)
  eden space 122880K, 0% used [0x00000000d8800000,0x00000000d8800000,0x00000000e0000000)
  from space 5120K, 99% used [0x00000000e0000000,0x00000000e04fdd28,0x00000000e0500000)
  to   space 5120K, 0% used [0x00000000e0500000,0x00000000e0500000,0x00000000e0a00000)
 ParOldGen       total 81920K, used 25841K [0x0000000089800000, 0x000000008e800000, 0x00000000d8800000)
  object space 81920K, 31% used [0x0000000089800000,0x000000008b13c5d8,0x000000008e800000)
 Metaspace       used 14245K, capacity 14652K, committed 14848K, reserved 1062912K
  class space    used 1596K, capacity 1706K, committed 1792K, reserved 1048576K
GC Heap History (9 events):
Event: 0.866 GC heap before
{Heap before GC invocations=1 (full 0):
 PSYoungGen      total 35840K, used 30720K [0x00000000d8800000, 0x00000000db000000, 0x0000000100000000)
  eden space 30720K, 100% used [0x00000000d8800000,0x00000000da600000,0x00000000da600000)
  from space 5120K, 0% used [0x00000000dab00000,0x00000000dab00000,0x00000000db000000)
  to   space 5120K, 0% used [0x00000000da600000,0x00000000da600000,0x00000000dab00000)
 ParOldGen       total 81920K, used 0K [0x0000000089800000, 0x000000008e800000, 0x00000000d8800000)
  object space 81920K, 0% used [0x0000000089800000,0x0000000089800000,0x000000008e800000)
 Metaspace       used 7285K, capacity 7572K, committed 7808K, reserved 1056768K
  class space    used 760K, capacity 820K, committed 896K, reserved 1048576K
Event: 0.876 GC heap after
Heap after GC invocations=1 (full 0):
 PSYoungGen      total 35840K, used 5115K [0x00000000d8800000, 0x00000000dce00000, 0x0000000100000000)
  eden space 30720K, 0% used [0x00000000d8800000,0x00000000d8800000,0x00000000da600000)
  from space 5120K, 99% used [0x00000000da600000,0x00000000daafec30,0x00000000dab00000)
  to   space 5120K, 0% used [0x00000000dc900000,0x00000000dc900000,0x00000000dce00000)
 ParOldGen       total 81920K, used 954K [0x0000000089800000, 0x000000008e800000, 0x00000000d8800000)
  object space 81920K, 1% used [0x0000000089800000,0x00000000898ee828,0x000000008e800000)
 Metaspace       used 7285K, capacity 7572K, committed 7808K, reserved 1056768K
  class space    used 760K, capacity 820K, committed 896K, reserved 1048576K
}
Event: 0.979 GC heap before
{Heap before GC invocations=2 (full 0):
 PSYoungGen      total 35840K, used 35835K [0x00000000d8800000, 0x00000000dce00000, 0x0000000100000000)
  eden space 30720K, 100% used [0x00000000d8800000,0x00000000da600000,0x00000000da600000)
  from space 5120K, 99% used [0x00000000da600000,0x00000000daafec30,0x00000000dab00000)
  to   space 5120K, 0% used [0x00000000dc900000,0x00000000dc900000,0x00000000dce00000)
 ParOldGen       total 81920K, used 954K [0x0000000089800000, 0x000000008e800000, 0x00000000d8800000)
  object space 81920K, 1% used [0x0000000089800000,0x00000000898ee828,0x000000008e800000)
 Metaspace       used 7337K, capacity 7572K, committed 7808K, reserved 1056768K
  class space    used 760K, capacity 820K, committed 896K, reserved 1048576K
Event: 0.985 GC heap after
Heap after GC invocations=2 (full 0):
 PSYoungGen      total 66560K, used 5104K [0x00000000d8800000, 0x00000000dce00000, 0x0000000100000000)
  eden space 61440K, 0% used [0x00000000d8800000,0x00000000d8800000,0x00000000dc400000)
  from space 5120K, 99% used [0x00000000dc900000,0x00000000dcdfc2e0,0x00000000dce00000)
  to   space 5120K, 0% used [0x00000000dc400000,0x00000000dc400000,0x00000000dc900000)
 ParOldGen       total 81920K, used 1546K [0x0000000089800000, 0x000000008e800000, 0x00000000d8800000)
  object space 81920K, 1% used [0x0000000089800000,0x0000000089982838,0x000000008e800000)
 Metaspace       used 7337K, capacity 7572K, committed 7808K, reserved 1056768K
  class space    used 760K, capacity 820K, committed 896K, reserved 1048576K
}
Event: 1.869 GC heap before
{Heap before GC invocations=3 (full 0):
 PSYoungGen      total 66560K, used 66544K [0x00000000d8800000, 0x00000000dce00000, 0x0000000100000000)
  eden space 61440K, 100% used [0x00000000d8800000,0x00000000dc400000,0x00000000dc400000)
  from space 5120K, 99% used [0x00000000dc900000,0x00000000dcdfc2e0,0x00000000dce00000)
  to   space 5120K, 0% used [0x00000000dc400000,0x00000000dc400000,0x00000000dc900000)
 ParOldGen       total 81920K, used 1546K [0x0000000089800000, 0x000000008e800000, 0x00000000d8800000)
  object space 81920K, 1% used [0x0000000089800000,0x0000000089982838,0x000000008e800000)
 Metaspace       used 11330K, capacity 11572K, committed 11648K, reserved 1058816K
  class space    used 1291K, capacity 1364K, committed 1408K, reserved 1048576K
Event: 1.881 GC heap after
Heap after GC invocations=3 (full 0):
 PSYoungGen      total 66560K, used 5107K [0x00000000d8800000, 0x00000000e0a00000, 0x0000000100000000)
  eden space 61440K, 0% used [0x00000000d8800000,0x00000000d8800000,0x00000000dc400000)
  from space 5120K, 99% used [0x00000000dc400000,0x00000000dc8fcc30,0x00000000dc900000)
  to   space 5120K, 0% used [0x00000000e0500000,0x00000000e0500000,0x00000000e0a00000)
 ParOldGen       total 81920K, used 6020K [0x0000000089800000, 0x000000008e800000, 0x00000000d8800000)
  object space 81920K, 7% used [0x0000000089800000,0x0000000089de1168,0x000000008e800000)
 Metaspace       used 11330K, capacity 11572K, committed 11648K, reserved 1058816K
  class space    used 1291K, capacity 1364K, committed 1408K, reserved 1048576K
}
Event: 2.634 GC heap before
{Heap before GC invocations=4 (full 0):
 PSYoungGen      total 66560K, used 66547K [0x00000000d8800000, 0x00000000e0a00000, 0x0000000100000000)
  eden space 61440K, 100% used [0x00000000d8800000,0x00000000dc400000,0x00000000dc400000)
  from space 5120K, 99% used [0x00000000dc400000,0x00000000dc8fcc30,0x00000000dc900000)
  to   space 5120K, 0% used [0x00000000e0500000,0x00000000e0500000,0x00000000e0a00000)
 ParOldGen       total 81920K, used 6020K [0x0000000089800000, 0x000000008e800000, 0x00000000d8800000)
  object space 81920K, 7% used [0x0000000089800000,0x0000000089de1168,0x000000008e800000)
 Metaspace       used 12849K, capacity 13092K, committed 13312K, reserved 1060864K
  class space    used 1441K, capacity 1528K, committed 1536K, reserved 1048576K
Event: 2.657 GC heap after
Heap after GC invocations=4 (full 0):
 PSYoungGen      total 128000K, used 5099K [0x00000000d8800000, 0x00000000e0a00000, 0x0000000100000000)
  eden space 122880K, 0% used [0x00000000d8800000,0x00000000d8800000,0x00000000e0000000)
  from space 5120K, 99% used [0x00000000e0500000,0x00000000e09fad38,0x00000000e0a00000)
  to   space 5120K, 0% used [0x00000000e0000000,0x00000000e0000000,0x00000000e0500000)
 ParOldGen       total 81920K, used 19861K [0x0000000089800000, 0x000000008e800000, 0x00000000d8800000)
  object space 81920K, 24% used [0x0000000089800000,0x000000008ab656e0,0x000000008e800000)
 Metaspace       used 12849K, capacity 13092K, committed 13312K, reserved 1060864K
  class space    used 1441K, capacity 1528K, committed 1536K, reserved 1048576K
}
Event: 30.901 GC heap before
{Heap before GC invocations=5 (full 0):
 PSYoungGen      total 128000K, used 127979K [0x00000000d8800000, 0x00000000e0a00000, 0x0000000100000000)
  eden space 122880K, 100% used [0x00000000d8800000,0x00000000e0000000,0x00000000e0000000)
  from space 5120K, 99% used [0x00000000e0500000,0x00000000e09fad38,0x00000000e0a00000)
  to   space 5120K, 0% used [0x00000000e0000000,0x00000000e0000000,0x00000000e0500000)
 ParOldGen       total 81920K, used 19861K [0x0000000089800000, 0x000000008e800000, 0x00000000d8800000)
  object space 81920K, 24% used [0x0000000089800000,0x000000008ab656e0,0x000000008e800000)
 Metaspace       used 14245K, capacity 14652K, committed 14848K, reserved 1062912K
  class space    used 1596K, capacity 1706K, committed 1792K, reserved 1048576K

